R
P 000000001CA7C4B8
C 17
= 0000000002960168
R
P 000000001CA7C4B8
C 312
R
P 000000001CA7C4B8
P 0000000002960168
C 7
R
P 000000001CA7C4B8
C 312
R
P 000000001CA7C4B8
C 18
= 0000000002960148
R
P 000000001CA7C4B8
C 312
R
P 000000001CA7C4B8
P 0000000002960148
C 7
R
P 000000001CA7C4B8
C 312
R
P 000000001CA7C4B8
U 3
C 19
= 00000000029601C8
R
P 000000001CA7C4B8
C 312
R
P 000000001CA7C4B8
P 00000000029601C8
C 7
R
P 000000001CA7C4B8
C 312
R
P 000000001CA7C4B8
C 18
= 0000000002960148
R
P 000000001CA7C4B8
C 312
R
P 000000001CA7C4B8
P 0000000002960148
C 7
R
P 000000001CA7C4B8
C 312
R
P 000000001CA7C4B8
I 0
P 0000000002960148
C 134
= 0000000002960988
R
P 000000001CA7C4B8
C 312
R
P 000000001CA7C4B8
P 0000000002960988
C 7
R
P 000000001CA7C4B8
C 312
R
P 000000001CA7C4B8
C 17
= 0000000002960168
R
P 000000001CA7C4B8
C 312
R
P 000000001CA7C4B8
P 0000000002960168
C 7
R
P 000000001CA7C4B8
C 312
R
P 000000001CA7C4B8
I 0
P 0000000002960168
C 134
= 00000000029609A8
R
P 000000001CA7C4B8
C 312
R
P 000000001CA7C4B8
P 00000000029609A8
C 7
R
P 000000001CA7C4B8
C 312
R
P 000000001CA7C4B8
I 1
P 0000000002960168
C 134
= 00000000029609C8
R
P 000000001CA7C4B8
C 312
R
P 000000001CA7C4B8
P 00000000029609C8
C 7
R
P 000000001CA7C4B8
C 312
R
P 000000001CA7C4B8
C 17
= 0000000002960168
R
P 000000001CA7C4B8
C 312
R
P 000000001CA7C4B8
P 0000000002960168
C 7
R
P 000000001CA7C4B8
C 312
R
P 000000001CA7C4B8
I 0
P 0000000002960168
C 134
= 00000000029609A8
R
P 000000001CA7C4B8
C 312
R
P 000000001CA7C4B8
P 00000000029609A8
C 7
R
P 000000001CA7C4B8
C 312
R
P 000000001CA7C4B8
I 1
P 0000000002960168
C 134
= 00000000029609C8
R
P 000000001CA7C4B8
C 312
R
P 000000001CA7C4B8
P 00000000029609C8
C 7
R
P 000000001CA7C4B8
C 312
R
P 000000001CA7C4B8
S "N"
C 13
R
P 000000001CA7C4B8
C 312
R
P 000000001CA7C4B8
$ |N|
P 0000000002960168
C 35
= 00000000029609E8
R
P 000000001CA7C4B8
C 312
R
P 000000001CA7C4B8
P 00000000029609E8
C 155
R
P 000000001CA7C4B8
C 312
R
P 000000001CA7C4B8
P 00000000029609E8
C 193
= 0000000002960168
R
P 000000001CA7C4B8
C 312
R
P 000000001CA7C4B8
P 0000000002960168
C 197
R
P 000000001CA7C4B8
C 312
R
P 000000001CA7C4B8
P 00000000029609E8
C 58
R
P 000000001CA7C4B8
C 312
R
P 000000001CA7C4B8
P 00000000029609E8
C 318
R
P 000000001CA7C4B8
C 312
R
P 000000001CA7C4B8
P 00000000029609E8
C 7
R
P 000000001CA7C4B8
C 312
R
C 0
= 0000000002954058
R
P 0000000002954058
S "AUTO_CONFIG"
S "false"
C 2
R
P 0000000002954058
S "MODEL"
S "true"
C 2
R
P 0000000002954058
S "MBQI"
S "true"
C 2
R
P 0000000002954058
S "ELIM_QUANTIFIERS"
S "true"
C 2
R
P 0000000002954058
S "ELIM_NLARITH_QUANTIFIERS"
S "true"
C 2
R
P 0000000002954058
S "ELIM_BOUNDS"
S "true"
C 2
R
P 0000000002954058
S "QI_LAZY_INSTANTIATION"
S "true"
C 2
R
P 0000000002954058
S "PULL_CHEAP_ITE_TREES"
S "true"
C 2
R
P 0000000002954058
S "EMATCHING"
S "true"
C 2
R
P 0000000002954058
S "MACRO_FINDER"
S "true"
C 2
R
P 0000000002954058
S "STRONG_CONTEXT_SIMPLIFIER"
S "true"
C 2
R
P 0000000002954058
S "CONTEXT_SIMPLIFIER"
S "true"
C 2
R
P 0000000002954058
S "PI_PULL_QUANTIFIERS"
S "true"
C 2
R
P 0000000002954058
S "PULL_NESTED_QUANTIFIERS"
S "true"
C 2
R
P 0000000002954058
S "MODEL_PARTIAL"
S "false"
C 2
R
P 0000000002954058
S "MODEL_V2"
S "true"
C 2
R
P 0000000002954058
S "DISPLAY_ERROR_FOR_VISUAL_STUDIO"
S "true"
C 2
R
P 0000000002954058
S "DISTRIBUTE_FORALL"
S "true"
C 2
R
P 0000000002954058
S "MODEL_COMPACT"
S "true"
C 2
R
P 0000000002954058
S "MODEL_COMPLETION"
S "true"
C 2
R
P 0000000002954058
S "DISPLAY_UNSAT_CORE"
S "false"
C 2
R
P 0000000002954058
S "Z3_SOLVER_LL_PP"
S "true"
C 2
R
P 0000000002954058
S "PP_MAX_DEPTH"
S "32"
C 2
R
P 0000000002954058
S "PP_MIN_ALIAS_SIZE"
S "1000"
C 2
R
P 0000000002954058
S "PP_DECIMAL"
S "true"
C 2
R
P 0000000002954058
S "PP_SIMPLIFY_IMPLIES"
S "true"
C 2
R
P 0000000002954058
C 4
= 0000000002983C98
R
P 0000000002954058
C 1
R
P 0000000002983C98
U 3
C 287
R
P 0000000002983C98
C 312
R
P 0000000002983C98
C 312
R
P 0000000002983C98
C 406
= 00000000029A0038
R
P 0000000002983C98
C 312
R
P 0000000002983C98
P 00000000029A0038
C 412
R
P 0000000002983C98
C 312
R
P 0000000002983C98
U 3
C 287
R
P 0000000002983C98
C 312
